TN:
SF:./test/cov/jquery.visibilitytrigger.js
FN:14,(anonymous_1)
FN:19,(anonymous_2)
FN:32,(anonymous_3)
FN:53,GEN_UUID
FN:56,gen
FN:63,FREEZE
FN:81,SEAL
FN:101,(anonymous_8)
FN:102,(anonymous_9)
FN:108,(anonymous_10)
FN:109,(anonymous_11)
FN:115,(anonymous_12)
FN:117,(anonymous_13)
FN:118,(anonymous_14)
FN:119,Template
FN:150,(anonymous_16)
FN:158,(anonymous_17)
FN:173,(anonymous_18)
FN:175,(anonymous_19)
FN:176,(anonymous_20)
FN:177,Template
FN:202,(anonymous_22)
FN:204,(anonymous_23)
FN:205,(anonymous_24)
FN:206,Task
FN:219,(anonymous_26)
FN:229,(anonymous_27)
FN:254,(anonymous_28)
FN:297,(anonymous_29)
FN:319,(anonymous_30)
FN:321,(anonymous_31)
FN:322,(anonymous_32)
FN:323,Observer
FN:331,(anonymous_34)
FN:353,(anonymous_35)
FN:367,(anonymous_36)
FN:377,eachTrigger
FN:382,(anonymous_38)
FN:398,(anonymous_39)
FN:412,(anonymous_40)
FN:424,(anonymous_41)
FN:433,(anonymous_42)
FN:450,(anonymous_43)
FN:452,__
FN:457,(anonymous_45)
FN:459,(anonymous_46)
FN:460,(anonymous_47)
FN:469,Main
FN:487,(anonymous_49)
FN:491,(anonymous_50)
FN:495,(anonymous_51)
FN:533,(anonymous_52)
FN:542,(anonymous_53)
FN:545,(anonymous_54)
FN:561,(anonymous_55)
FN:572,(anonymous_56)
FN:598,(anonymous_57)
FN:607,(anonymous_58)
FN:616,(anonymous_59)
FN:635,(anonymous_60)
FN:636,(anonymous_61)
FN:645,(anonymous_62)
FN:646,(anonymous_63)
FN:655,(anonymous_64)
FN:656,(anonymous_65)
FN:671,(anonymous_66)
FN:677,(anonymous_67)
FN:679,(anonymous_68)
FN:684,(anonymous_69)
FN:685,Functions
FN:691,(anonymous_71)
FN:692,(anonymous_72)
FN:698,(anonymous_73)
FN:699,(anonymous_74)
FN:705,(anonymous_75)
FN:706,(anonymous_76)
FN:712,(anonymous_77)
FN:717,(anonymous_78)
FN:718,(anonymous_79)
FN:733,(anonymous_80)
FN:735,(anonymous_81)
FN:740,(anonymous_82)
FN:741,Methods
FN:758,(anonymous_84)
FN:760,(anonymous_85)
FN:761,(anonymous_86)
FN:762,Template
FN:789,(anonymous_88)
FN:822,(anonymous_89)
FN:824,(anonymous_90)
FN:845,(anonymous_91)
FN:849,(anonymous_92)
FN:857,(anonymous_93)
FN:868,(anonymous_94)
FN:879,(anonymous_95)
FN:903,(anonymous_96)
FN:905,(anonymous_97)
FN:906,(anonymous_98)
FN:908,Main
FN:914,(anonymous_100)
FN:945,(anonymous_101)
FN:952,(anonymous_102)
FN:953,(anonymous_103)
FN:955,(anonymous_104)
FN:956,(anonymous_105)
FN:957,Main
FN:962,(anonymous_107)
FN:967,(anonymous_108)
FN:983,(anonymous_109)
FN:989,(anonymous_110)
FN:1012,(anonymous_111)
FN:1015,(anonymous_112)
FN:1045,(anonymous_113)
FN:1197,(anonymous_114)
FN:1198,(anonymous_115)
FN:1209,(anonymous_116)
FN:1211,(anonymous_117)
FN:1212,(anonymous_118)
FN:1214,Main
FN:1224,(anonymous_120)
FN:1228,(anonymous_121)
FN:1244,(anonymous_122)
FN:1273,(anonymous_123)
FN:1280,(anonymous_124)
FN:1283,(anonymous_125)
FN:1286,(anonymous_126)
FN:1288,(anonymous_127)
FN:1300,(anonymous_128)
FN:1306,(anonymous_129)
FN:1321,(anonymous_130)
FN:1328,(anonymous_131)
FN:1333,(anonymous_132)
FN:1337,(anonymous_133)
FN:1350,(anonymous_134)
FN:1356,(anonymous_135)
FN:1357,Module
FNF:136
FNH:130
FNDA:1,(anonymous_1)
FNDA:1,(anonymous_2)
FNDA:1,(anonymous_3)
FNDA:268,GEN_UUID
FNDA:8308,gen
FNDA:1336,FREEZE
FNDA:270,SEAL
FNDA:1,(anonymous_8)
FNDA:1,(anonymous_9)
FNDA:1,(anonymous_10)
FNDA:1,(anonymous_11)
FNDA:1,(anonymous_12)
FNDA:1,(anonymous_13)
FNDA:1,(anonymous_14)
FNDA:1,Template
FNDA:161,(anonymous_16)
FNDA:0,(anonymous_17)
FNDA:1,(anonymous_18)
FNDA:1,(anonymous_19)
FNDA:1,(anonymous_20)
FNDA:133,Template
FNDA:1,(anonymous_22)
FNDA:1,(anonymous_23)
FNDA:1,(anonymous_24)
FNDA:133,Task
FNDA:64,(anonymous_26)
FNDA:89,(anonymous_27)
FNDA:227,(anonymous_28)
FNDA:0,(anonymous_29)
FNDA:1,(anonymous_30)
FNDA:1,(anonymous_31)
FNDA:1,(anonymous_32)
FNDA:133,Observer
FNDA:150,(anonymous_34)
FNDA:75,(anonymous_35)
FNDA:437,(anonymous_36)
FNDA:7500,eachTrigger
FNDA:132,(anonymous_38)
FNDA:305,(anonymous_39)
FNDA:89,(anonymous_40)
FNDA:64,(anonymous_41)
FNDA:84,(anonymous_42)
FNDA:3,(anonymous_43)
FNDA:3,__
FNDA:1,(anonymous_45)
FNDA:1,(anonymous_46)
FNDA:1,(anonymous_47)
FNDA:133,Main
FNDA:1443,(anonymous_49)
FNDA:133,(anonymous_50)
FNDA:210,(anonymous_51)
FNDA:71,(anonymous_52)
FNDA:305,(anonymous_53)
FNDA:33,(anonymous_54)
FNDA:332,(anonymous_55)
FNDA:127,(anonymous_56)
FNDA:133,(anonymous_57)
FNDA:305,(anonymous_58)
FNDA:84,(anonymous_59)
FNDA:1,(anonymous_60)
FNDA:0,(anonymous_61)
FNDA:2,(anonymous_62)
FNDA:0,(anonymous_63)
FNDA:68,(anonymous_64)
FNDA:50,(anonymous_65)
FNDA:1,(anonymous_66)
FNDA:1,(anonymous_67)
FNDA:1,(anonymous_68)
FNDA:1,(anonymous_69)
FNDA:1,Functions
FNDA:1,(anonymous_71)
FNDA:1,(anonymous_72)
FNDA:2,(anonymous_73)
FNDA:2,(anonymous_74)
FNDA:5,(anonymous_75)
FNDA:4,(anonymous_76)
FNDA:2,(anonymous_77)
FNDA:205,(anonymous_78)
FNDA:41,(anonymous_79)
FNDA:1,(anonymous_80)
FNDA:1,(anonymous_81)
FNDA:1,(anonymous_82)
FNDA:1,Methods
FNDA:1,(anonymous_84)
FNDA:1,(anonymous_85)
FNDA:1,(anonymous_86)
FNDA:1,Template
FNDA:226,(anonymous_88)
FNDA:1,(anonymous_89)
FNDA:225,(anonymous_90)
FNDA:225,(anonymous_91)
FNDA:0,(anonymous_92)
FNDA:226,(anonymous_93)
FNDA:211,(anonymous_94)
FNDA:226,(anonymous_95)
FNDA:1,(anonymous_96)
FNDA:1,(anonymous_97)
FNDA:1,(anonymous_98)
FNDA:1,Main
FNDA:225,(anonymous_100)
FNDA:1,(anonymous_101)
FNDA:1,(anonymous_102)
FNDA:1,(anonymous_103)
FNDA:1,(anonymous_104)
FNDA:1,(anonymous_105)
FNDA:1,Main
FNDA:62,(anonymous_107)
FNDA:139,(anonymous_108)
FNDA:0,(anonymous_109)
FNDA:62,(anonymous_110)
FNDA:71,(anonymous_111)
FNDA:62,(anonymous_112)
FNDA:3542,(anonymous_113)
FNDA:1,(anonymous_114)
FNDA:1,(anonymous_115)
FNDA:1,(anonymous_116)
FNDA:1,(anonymous_117)
FNDA:1,(anonymous_118)
FNDA:1,Main
FNDA:146,(anonymous_120)
FNDA:1068,(anonymous_121)
FNDA:161,(anonymous_122)
FNDA:213,(anonymous_123)
FNDA:213,(anonymous_124)
FNDA:213,(anonymous_125)
FNDA:253,(anonymous_126)
FNDA:205,(anonymous_127)
FNDA:223,(anonymous_128)
FNDA:70,(anonymous_129)
FNDA:438,(anonymous_130)
FNDA:132,(anonymous_131)
FNDA:1322,(anonymous_132)
FNDA:437,(anonymous_133)
FNDA:1,(anonymous_134)
FNDA:1,(anonymous_135)
FNDA:1,Module
DA:14,1
DA:18,1
DA:19,1
DA:20,1
DA:21,1
DA:32,1
DA:33,1
DA:34,1
DA:35,1
DA:36,1
DA:37,1
DA:38,1
DA:39,1
DA:40,1
DA:41,1
DA:42,1
DA:44,1
DA:53,1
DA:55,268
DA:56,1
DA:57,8308
DA:58,8308
DA:61,1
DA:63,1
DA:64,1336
DA:65,6
DA:67,1330
DA:68,1330
DA:69,0
DA:71,1330
DA:72,4587
DA:73,4587
DA:74,1079
DA:77,1330
DA:79,1
DA:81,1
DA:82,270
DA:83,0
DA:85,270
DA:86,270
DA:87,270
DA:89,0
DA:90,0
DA:91,0
DA:92,0
DA:95,0
DA:97,1
DA:100,1
DA:101,1
DA:102,1
DA:104,1
DA:107,1
DA:108,1
DA:109,1
DA:111,1
DA:114,1
DA:115,1
DA:117,1
DA:118,1
DA:119,1
DA:126,1
DA:133,1
DA:140,1
DA:147,1
DA:148,1
DA:150,1
DA:151,161
DA:152,161
DA:153,64
DA:155,161
DA:158,1
DA:159,0
DA:160,0
DA:161,0
DA:163,0
DA:165,1
DA:167,1
DA:169,1
DA:172,1
DA:173,1
DA:175,1
DA:176,1
DA:177,1
DA:184,133
DA:191,133
DA:192,133
DA:194,1
DA:196,1
DA:198,1
DA:201,1
DA:202,1
DA:204,1
DA:205,1
DA:206,1
DA:207,133
DA:208,133
DA:209,133
DA:210,133
DA:214,133
DA:215,133
DA:216,133
DA:217,133
DA:219,1
DA:220,64
DA:221,64
DA:222,64
DA:226,64
DA:229,1
DA:230,89
DA:232,89
DA:234,89
DA:235,89
DA:238,0
DA:239,0
DA:242,0
DA:245,89
DA:246,89
DA:247,0
DA:249,89
DA:251,89
DA:254,1
DA:255,227
DA:257,157
DA:258,157
DA:259,157
DA:260,38
DA:262,119
DA:266,70
DA:267,70
DA:268,70
DA:269,70
DA:272,0
DA:275,189
DA:276,4
DA:277,0
DA:279,4
DA:283,189
DA:284,189
DA:285,189
DA:286,84
DA:289,189
DA:290,70
DA:291,70
DA:292,87
DA:297,1
DA:298,0
DA:300,0
DA:301,0
DA:304,0
DA:305,0
DA:306,0
DA:310,1
DA:312,1
DA:314,1
DA:318,1
DA:319,1
DA:321,1
DA:322,1
DA:323,1
DA:324,133
DA:325,133
DA:326,133
DA:327,133
DA:328,133
DA:329,133
DA:330,133
DA:332,150
DA:333,150
DA:334,2
DA:337,148
DA:338,148
DA:340,148
DA:342,148
DA:343,3
DA:346,145
DA:347,68
DA:348,68
DA:349,77
DA:350,77
DA:354,75
DA:355,0
DA:358,75
DA:359,0
DA:361,75
DA:362,75
DA:365,133
DA:367,1
DA:368,437
DA:370,437
DA:371,305
DA:374,132
DA:376,132
DA:377,1
DA:378,7500
DA:382,1
DA:383,132
DA:385,132
DA:387,132
DA:389,132
DA:391,132
DA:392,62
DA:394,70
DA:398,1
DA:399,305
DA:401,305
DA:403,305
DA:405,305
DA:406,90
DA:408,215
DA:412,1
DA:413,89
DA:414,89
DA:416,89
DA:417,89
DA:418,19
DA:421,89
DA:423,89
DA:424,83
DA:425,64
DA:428,6
DA:429,6
DA:433,1
DA:434,84
DA:435,84
DA:436,64
DA:439,84
DA:441,1
DA:443,1
DA:445,1
DA:450,1
DA:451,3
DA:452,3
DA:453,3
DA:454,3
DA:456,1
DA:457,1
DA:459,1
DA:460,1
DA:461,1
DA:469,1
DA:470,133
DA:471,133
DA:472,133
DA:473,133
DA:474,133
DA:475,133
DA:487,1
DA:488,1443
DA:491,1
DA:492,133
DA:494,133
DA:495,133
DA:496,210
DA:499,68
DA:501,142
DA:505,133
DA:507,133
DA:510,0
DA:514,133
DA:515,133
DA:516,133
DA:517,133
DA:518,133
DA:519,133
DA:520,133
DA:522,133
DA:523,1
DA:524,1
DA:527,132
DA:528,132
DA:530,132
DA:533,132
DA:534,71
DA:535,71
DA:536,71
DA:539,132
DA:542,1
DA:543,305
DA:545,305
DA:546,33
DA:549,305
DA:551,305
DA:552,305
DA:554,305
DA:556,305
DA:558,305
DA:561,1
DA:562,332
DA:563,332
DA:564,3
DA:567,329
DA:568,329
DA:572,329
DA:573,127
DA:574,127
DA:577,71
DA:578,71
DA:579,71
DA:581,56
DA:585,329
DA:587,0
DA:588,0
DA:592,329
DA:593,329
DA:595,329
DA:598,1
DA:599,133
DA:600,133
DA:601,132
DA:603,1
DA:607,1
DA:608,305
DA:609,305
DA:611,0
DA:612,0
DA:616,1
DA:617,84
DA:618,2
DA:621,82
DA:623,70
DA:625,12
DA:627,12
DA:630,70
DA:631,70
DA:632,70
DA:635,1
DA:636,1
DA:637,0
DA:639,1
DA:640,0
DA:642,1
DA:645,1
DA:646,2
DA:647,0
DA:649,2
DA:650,0
DA:652,2
DA:655,1
DA:656,68
DA:657,50
DA:658,0
DA:660,50
DA:663,1
DA:665,1
DA:667,1
DA:670,1
DA:671,1
DA:672,1
DA:676,1
DA:677,1
DA:679,1
DA:680,1
DA:681,1
DA:682,1
DA:684,1
DA:685,1
DA:686,1
DA:687,1
DA:688,1
DA:689,1
DA:691,1
DA:692,1
DA:693,1
DA:695,1
DA:698,1
DA:699,2
DA:700,2
DA:702,2
DA:705,1
DA:706,5
DA:707,4
DA:709,5
DA:712,1
DA:713,2
DA:714,2
DA:717,1
DA:718,205
DA:719,41
DA:721,205
DA:723,1
DA:725,1
DA:727,1
DA:732,1
DA:733,1
DA:735,1
DA:736,1
DA:737,1
DA:738,1
DA:740,1
DA:741,1
DA:742,1
DA:743,1
DA:744,1
DA:745,1
DA:747,1
DA:749,1
DA:751,1
DA:757,1
DA:758,1
DA:760,1
DA:761,1
DA:762,1
DA:769,1
DA:776,1
DA:783,1
DA:784,1
DA:785,1
DA:786,1
DA:787,1
DA:789,1
DA:790,226
DA:791,211
DA:793,211
DA:797,211
DA:800,211
DA:802,15
DA:804,13
DA:808,15
DA:812,226
DA:813,226
DA:822,1
DA:823,1
DA:824,1
DA:825,225
DA:826,225
DA:827,128
DA:829,225
DA:830,225
DA:831,225
DA:832,225
DA:834,1
DA:837,1
DA:838,1
DA:839,1
DA:841,0
DA:845,1
DA:846,225
DA:849,1
DA:850,0
DA:851,0
DA:852,0
DA:854,0
DA:857,1
DA:858,226
DA:859,226
DA:860,1130
DA:861,0
DA:863,1130
DA:865,226
DA:868,1
DA:869,211
DA:870,211
DA:871,0
DA:872,0
DA:874,0
DA:876,211
DA:879,1
DA:880,226
DA:882,226
DA:883,226
DA:884,0
DA:885,0
DA:887,0
DA:888,0
DA:889,0
DA:892,226
DA:894,1
DA:896,1
DA:898,1
DA:902,1
DA:903,1
DA:905,1
DA:906,1
DA:907,1
DA:908,1
DA:909,1
DA:910,1
DA:911,1
DA:912,1
DA:914,1
DA:915,225
DA:917,225
DA:918,225
DA:919,224
DA:922,225
DA:926,225
DA:928,0
DA:931,225
DA:932,64
DA:935,161
DA:937,1
DA:939,1
DA:941,1
DA:944,1
DA:945,1
DA:946,1
DA:951,1
DA:952,1
DA:953,1
DA:955,1
DA:956,1
DA:957,1
DA:958,1
DA:959,1
DA:960,1
DA:962,1
DA:963,62
DA:964,62
DA:966,62
DA:967,62
DA:968,139
DA:970,68
DA:972,0
DA:974,71
DA:976,0
DA:980,62
DA:981,62
DA:983,0
DA:984,0
DA:989,1
DA:990,62
DA:992,62
DA:993,62
DA:995,62
DA:1013,71
DA:1016,62
DA:1017,62
DA:1018,62
DA:1019,62
DA:1020,62
DA:1021,62
DA:1022,62
DA:1023,62
DA:1038,62
DA:1039,62
DA:1040,62
DA:1041,62
DA:1042,62
DA:1045,1
DA:1046,3542
DA:1048,3542
DA:1049,0
DA:1052,3542
DA:1053,5
DA:1054,5
DA:1055,5
DA:1056,5
DA:1057,5
DA:1059,3542
DA:1060,3542
DA:1062,3542
DA:1066,8
DA:1069,3534
DA:1071,3534
DA:1072,3534
DA:1073,3534
DA:1074,3534
DA:1076,3534
DA:1078,3534
DA:1079,3534
DA:1080,3534
DA:1081,3534
DA:1082,3534
DA:1084,3534
DA:1085,3534
DA:1086,400
DA:1087,400
DA:1088,400
DA:1090,3134
DA:1091,3134
DA:1092,3134
DA:1095,3534
DA:1096,3534
DA:1098,3534
DA:1099,3534
DA:1100,3534
DA:1102,3534
DA:1103,3534
DA:1105,3534
DA:1107,3534
DA:1110,350
DA:1111,350
DA:1114,2796
DA:1115,2796
DA:1118,181
DA:1119,181
DA:1122,182
DA:1125,182
DA:1126,24
DA:1128,182
DA:1131,25
DA:1134,25
DA:1135,11
DA:1137,25
DA:1140,3534
DA:1141,350
DA:1142,350
DA:1144,3184
DA:1145,3184
DA:1146,3184
DA:1148,3534
DA:1151,3542
DA:1152,3330
DA:1153,3330
DA:1155,3330
DA:1169,3542
DA:1170,3542
DA:1172,3542
DA:1173,28
DA:1175,3514
DA:1176,3514
DA:1178,3514
DA:1180,3514
DA:1183,3542
DA:1184,3542
DA:1185,3542
DA:1187,1
DA:1189,1
DA:1191,1
DA:1193,1
DA:1196,1
DA:1197,1
DA:1198,1
DA:1199,1
DA:1201,1
DA:1208,1
DA:1209,1
DA:1211,1
DA:1212,1
DA:1213,1
DA:1214,1
DA:1215,1
DA:1216,1
DA:1217,1
DA:1218,1
DA:1219,1
DA:1220,1
DA:1221,1
DA:1222,1
DA:1224,1
DA:1225,146
DA:1228,1
DA:1229,1068
DA:1230,969
DA:1234,99
DA:1235,99
DA:1237,99
DA:1238,2
DA:1239,2
DA:1241,99
DA:1244,1
DA:1245,161
DA:1247,98
DA:1249,99
DA:1250,99
DA:1251,99
DA:1254,62
DA:1255,62
DA:1256,0
DA:1258,62
DA:1259,0
DA:1261,62
DA:1262,62
DA:1265,0
DA:1268,62
DA:1270,62
DA:1273,1
DA:1274,213
DA:1275,77
DA:1276,77
DA:1278,136
DA:1280,213
DA:1281,213
DA:1283,213
DA:1284,213
DA:1286,213
DA:1287,253
DA:1289,205
DA:1292,205
DA:1294,48
DA:1297,213
DA:1298,8
DA:1300,205
DA:1301,223
DA:1306,1
DA:1307,70
DA:1309,70
DA:1311,0
DA:1313,0
DA:1316,70
DA:1317,70
DA:1318,70
DA:1321,1
DA:1322,438
DA:1323,99
DA:1325,339
DA:1328,1
DA:1329,132
DA:1330,132
DA:1333,1
DA:1334,1322
DA:1337,1
DA:1338,437
DA:1339,437
DA:1340,437
DA:1342,1
DA:1344,1
DA:1346,1
DA:1349,1
DA:1350,1
DA:1351,1
DA:1356,1
DA:1357,1
DA:1358,1
DA:1360,1
DA:1363,1
LF:716
LH:656
BRDA:43,1,0,1
BRDA:43,1,1,1
BRDA:57,2,0,8040
BRDA:57,2,1,268
BRDA:64,3,0,6
BRDA:64,3,1,1330
BRDA:64,4,0,1336
BRDA:64,4,1,1336
BRDA:64,4,2,1336
BRDA:67,5,0,1330
BRDA:67,5,1,926
BRDA:68,6,0,0
BRDA:68,6,1,1330
BRDA:73,7,0,1079
BRDA:73,7,1,3508
BRDA:73,8,0,4587
BRDA:73,8,1,1085
BRDA:82,9,0,0
BRDA:82,9,1,270
BRDA:82,10,0,270
BRDA:82,10,1,270
BRDA:82,10,2,270
BRDA:85,11,0,270
BRDA:85,11,1,270
BRDA:86,12,0,270
BRDA:86,12,1,0
BRDA:91,13,0,0
BRDA:91,13,1,0
BRDA:91,14,0,0
BRDA:91,14,1,0
BRDA:98,15,0,1
BRDA:98,15,1,1
BRDA:103,16,0,1
BRDA:103,16,1,1
BRDA:105,17,0,1
BRDA:105,17,1,0
BRDA:110,18,0,1
BRDA:110,18,1,1
BRDA:112,19,0,1
BRDA:112,19,1,0
BRDA:168,20,0,1
BRDA:168,20,1,0
BRDA:170,21,0,1
BRDA:170,21,1,0
BRDA:197,22,0,1
BRDA:197,22,1,0
BRDA:199,23,0,1
BRDA:199,23,1,0
BRDA:207,24,0,0
BRDA:207,24,1,133
BRDA:208,25,0,0
BRDA:208,25,1,133
BRDA:216,26,0,133
BRDA:216,26,1,0
BRDA:217,27,0,133
BRDA:217,27,1,0
BRDA:220,28,0,64
BRDA:220,28,1,0
BRDA:221,29,0,64
BRDA:221,29,1,0
BRDA:230,30,0,89
BRDA:230,30,1,0
BRDA:230,30,2,0
BRDA:232,31,0,89
BRDA:232,31,1,64
BRDA:246,32,0,0
BRDA:246,32,1,89
BRDA:255,33,0,157
BRDA:255,33,1,0
BRDA:255,33,2,70
BRDA:255,33,3,0
BRDA:257,34,0,157
BRDA:257,34,1,157
BRDA:259,35,0,38
BRDA:259,35,1,119
BRDA:266,36,0,70
BRDA:266,36,1,70
BRDA:275,37,0,4
BRDA:275,37,1,185
BRDA:276,38,0,0
BRDA:276,38,1,4
BRDA:285,39,0,273
BRDA:285,39,1,189
BRDA:286,40,0,84
BRDA:286,40,1,0
BRDA:286,41,0,84
BRDA:286,41,1,0
BRDA:289,42,0,70
BRDA:289,42,1,119
BRDA:298,43,0,0
BRDA:298,43,1,0
BRDA:313,44,0,1
BRDA:313,44,1,1
BRDA:315,45,0,1
BRDA:315,45,1,0
BRDA:333,46,0,2
BRDA:333,46,1,148
BRDA:337,47,0,111
BRDA:337,47,1,37
BRDA:338,48,0,0
BRDA:338,48,1,148
BRDA:338,49,0,37
BRDA:338,49,1,111
BRDA:338,50,0,79
BRDA:338,50,1,32
BRDA:338,51,0,90
BRDA:338,51,1,58
BRDA:338,52,0,148
BRDA:338,52,1,58
BRDA:340,53,0,148
BRDA:340,53,1,143
BRDA:342,54,0,3
BRDA:342,54,1,145
BRDA:342,55,0,148
BRDA:342,55,1,143
BRDA:346,56,0,68
BRDA:346,56,1,77
BRDA:346,57,0,145
BRDA:346,57,1,103
BRDA:347,58,0,68
BRDA:347,58,1,38
BRDA:348,59,0,68
BRDA:348,59,1,30
BRDA:349,60,0,77
BRDA:349,60,1,0
BRDA:354,61,0,0
BRDA:354,61,1,75
BRDA:358,62,0,0
BRDA:358,62,1,75
BRDA:358,63,0,75
BRDA:358,63,1,38
BRDA:358,63,2,75
BRDA:362,64,0,75
BRDA:362,64,1,73
BRDA:362,65,0,41
BRDA:362,65,1,32
BRDA:370,66,0,305
BRDA:370,66,1,132
BRDA:376,67,0,132
BRDA:376,67,1,76
BRDA:391,68,0,62
BRDA:391,68,1,70
BRDA:405,69,0,90
BRDA:405,69,1,215
BRDA:421,70,0,57
BRDA:421,70,1,32
BRDA:423,71,0,83
BRDA:423,71,1,6
BRDA:423,72,0,89
BRDA:423,72,1,76
BRDA:423,72,2,76
BRDA:423,72,3,73
BRDA:425,73,0,64
BRDA:425,73,1,64
BRDA:444,74,0,1
BRDA:444,74,1,0
BRDA:446,75,0,1
BRDA:446,75,1,0
BRDA:450,76,0,1
BRDA:450,76,1,1
BRDA:451,77,0,0
BRDA:451,77,1,0
BRDA:496,78,0,68
BRDA:496,78,1,68
BRDA:496,78,2,142
BRDA:499,79,0,62
BRDA:499,79,1,6
BRDA:500,80,0,142
BRDA:500,80,1,142
BRDA:505,81,0,62
BRDA:505,81,1,71
BRDA:507,82,0,0
BRDA:507,82,1,0
BRDA:508,83,0,133
BRDA:508,83,1,71
BRDA:509,84,0,133
BRDA:509,84,1,71
BRDA:515,85,0,133
BRDA:515,85,1,62
BRDA:522,86,0,1
BRDA:522,86,1,132
BRDA:522,87,0,133
BRDA:522,87,1,131
BRDA:522,87,2,76
BRDA:533,88,0,132
BRDA:533,88,1,62
BRDA:556,89,0,305
BRDA:556,89,1,71
BRDA:563,90,0,3
BRDA:563,90,1,329
BRDA:574,91,0,0
BRDA:574,91,1,71
BRDA:574,91,2,56
BRDA:578,92,0,71
BRDA:578,92,1,71
BRDA:585,93,0,0
BRDA:592,94,0,329
BRDA:592,94,1,273
BRDA:592,94,2,273
BRDA:593,95,0,329
BRDA:593,95,1,128
BRDA:600,96,0,132
BRDA:600,96,1,1
BRDA:608,97,0,305
BRDA:608,97,1,0
BRDA:617,98,0,2
BRDA:617,98,1,82
BRDA:621,99,0,70
BRDA:621,99,1,12
BRDA:621,99,2,12
BRDA:639,100,0,0
BRDA:639,100,1,1
BRDA:639,101,0,1
BRDA:639,101,1,1
BRDA:649,102,0,0
BRDA:649,102,1,2
BRDA:649,103,0,2
BRDA:649,103,1,0
BRDA:657,104,0,0
BRDA:657,104,1,50
BRDA:657,105,0,50
BRDA:657,105,1,0
BRDA:666,106,0,1
BRDA:666,106,1,0
BRDA:668,107,0,1
BRDA:668,107,1,0
BRDA:673,108,0,1
BRDA:673,108,1,0
BRDA:713,109,0,0
BRDA:713,109,1,2
BRDA:726,110,0,1
BRDA:726,110,1,1
BRDA:728,111,0,1
BRDA:728,111,1,0
BRDA:750,112,0,1
BRDA:750,112,1,0
BRDA:752,113,0,1
BRDA:752,113,1,0
BRDA:790,114,0,211
BRDA:790,114,1,15
BRDA:791,115,0,211
BRDA:791,115,1,0
BRDA:802,116,0,13
BRDA:802,116,1,2
BRDA:824,117,0,1
BRDA:824,117,1,1
BRDA:832,118,0,161
BRDA:832,118,1,64
BRDA:837,119,0,1
BRDA:837,119,1,1
BRDA:838,120,0,1
BRDA:838,120,1,0
BRDA:860,121,0,0
BRDA:860,121,1,1130
BRDA:871,122,0,0
BRDA:871,122,1,0
BRDA:884,123,0,0
BRDA:884,123,1,0
BRDA:888,124,0,0
BRDA:888,124,1,0
BRDA:897,125,0,1
BRDA:897,125,1,0
BRDA:899,126,0,1
BRDA:899,126,1,0
BRDA:918,127,0,224
BRDA:918,127,1,1
BRDA:922,128,0,98
BRDA:922,128,1,99
BRDA:922,128,2,225
BRDA:922,128,3,0
BRDA:931,129,0,64
BRDA:931,129,1,161
BRDA:931,130,0,225
BRDA:931,130,1,225
BRDA:932,131,0,64
BRDA:932,131,1,0
BRDA:940,132,0,1
BRDA:940,132,1,0
BRDA:942,133,0,1
BRDA:942,133,1,0
BRDA:947,134,0,1
BRDA:947,134,1,0
BRDA:966,135,0,62
BRDA:966,135,1,0
BRDA:968,136,0,68
BRDA:968,136,1,0
BRDA:968,136,2,71
BRDA:968,136,3,0
BRDA:972,137,0,0
BRDA:972,137,1,0
BRDA:973,138,0,71
BRDA:973,138,1,71
BRDA:980,139,0,62
BRDA:980,139,1,0
BRDA:980,140,0,62
BRDA:980,140,1,0
BRDA:980,140,2,0
BRDA:992,141,0,62
BRDA:992,141,1,62
BRDA:1016,142,0,0
BRDA:1016,142,1,62
BRDA:1016,143,0,62
BRDA:1016,143,1,4
BRDA:1017,144,0,62
BRDA:1017,144,1,4
BRDA:1017,144,2,58
BRDA:1018,145,0,62
BRDA:1018,145,1,4
BRDA:1018,145,2,58
BRDA:1019,146,0,0
BRDA:1019,146,1,62
BRDA:1020,147,0,59
BRDA:1020,147,1,3
BRDA:1021,148,0,59
BRDA:1021,148,1,3
BRDA:1026,149,0,62
BRDA:1026,149,1,58
BRDA:1046,150,0,3351
BRDA:1046,150,1,191
BRDA:1046,151,0,3542
BRDA:1046,151,1,3451
BRDA:1046,152,0,3451
BRDA:1046,152,1,91
BRDA:1046,153,0,91
BRDA:1046,153,1,91
BRDA:1046,154,0,3451
BRDA:1046,154,1,91
BRDA:1046,155,0,38
BRDA:1046,155,1,53
BRDA:1046,156,0,91
BRDA:1046,156,1,53
BRDA:1046,157,0,3451
BRDA:1046,157,1,91
BRDA:1046,158,0,3451
BRDA:1046,158,1,91
BRDA:1046,159,0,3451
BRDA:1046,159,1,91
BRDA:1046,160,0,29
BRDA:1046,160,1,62
BRDA:1046,161,0,5
BRDA:1046,161,1,57
BRDA:1046,162,0,3451
BRDA:1046,162,1,91
BRDA:1048,163,0,0
BRDA:1048,163,1,3542
BRDA:1048,164,0,3542
BRDA:1048,164,1,12
BRDA:1048,164,2,12
BRDA:1052,165,0,5
BRDA:1052,165,1,3537
BRDA:1056,166,0,0
BRDA:1056,166,1,5
BRDA:1056,167,0,0
BRDA:1056,167,1,5
BRDA:1059,168,0,326
BRDA:1059,168,1,3216
BRDA:1062,169,0,8
BRDA:1062,169,1,8
BRDA:1062,169,2,8
BRDA:1062,169,3,3534
BRDA:1063,170,0,3542
BRDA:1063,170,1,3538
BRDA:1064,171,0,3534
BRDA:1064,171,1,3534
BRDA:1071,172,0,3445
BRDA:1071,172,1,89
BRDA:1072,173,0,3445
BRDA:1072,173,1,89
BRDA:1073,174,0,3445
BRDA:1073,174,1,89
BRDA:1079,175,0,3445
BRDA:1079,175,1,89
BRDA:1079,176,0,84
BRDA:1079,176,1,5
BRDA:1081,177,0,3445
BRDA:1081,177,1,89
BRDA:1081,178,0,84
BRDA:1081,178,1,5
BRDA:1082,179,0,3445
BRDA:1082,179,1,89
BRDA:1082,180,0,1
BRDA:1082,180,1,88
BRDA:1085,181,0,400
BRDA:1085,181,1,3134
BRDA:1086,182,0,396
BRDA:1086,182,1,4
BRDA:1087,183,0,396
BRDA:1087,183,1,4
BRDA:1090,184,0,3049
BRDA:1090,184,1,85
BRDA:1091,185,0,3049
BRDA:1091,185,1,85
BRDA:1095,186,0,3445
BRDA:1095,186,1,89
BRDA:1096,187,0,3445
BRDA:1096,187,1,89
BRDA:1107,188,0,350
BRDA:1107,188,1,2796
BRDA:1107,188,2,181
BRDA:1107,188,3,182
BRDA:1107,188,4,25
BRDA:1108,189,0,3534
BRDA:1108,189,1,3419
BRDA:1108,189,2,350
BRDA:1108,189,3,350
BRDA:1112,190,0,3184
BRDA:1112,190,1,2978
BRDA:1114,191,0,2784
BRDA:1114,191,1,12
BRDA:1114,192,0,12
BRDA:1114,192,1,12
BRDA:1114,193,0,3
BRDA:1114,193,1,9
BRDA:1114,194,0,0
BRDA:1114,194,1,12
BRDA:1116,195,0,388
BRDA:1116,195,1,206
BRDA:1118,196,0,181
BRDA:1118,196,1,136
BRDA:1120,197,0,207
BRDA:1120,197,1,182
BRDA:1122,198,0,158
BRDA:1122,198,1,24
BRDA:1125,199,0,24
BRDA:1125,199,1,158
BRDA:1125,200,0,182
BRDA:1125,200,1,177
BRDA:1125,200,2,24
BRDA:1125,200,3,24
BRDA:1126,201,0,0
BRDA:1126,201,1,24
BRDA:1126,202,0,0
BRDA:1126,202,1,0
BRDA:1126,203,0,0
BRDA:1126,203,1,0
BRDA:1126,204,0,6
BRDA:1126,204,1,18
BRDA:1126,205,0,0
BRDA:1126,205,1,24
BRDA:1129,206,0,25
BRDA:1129,206,1,25
BRDA:1131,207,0,25
BRDA:1131,207,1,22
BRDA:1134,208,0,11
BRDA:1134,208,1,14
BRDA:1134,209,0,25
BRDA:1134,209,1,13
BRDA:1134,209,2,11
BRDA:1134,209,3,11
BRDA:1135,210,0,0
BRDA:1135,210,1,11
BRDA:1135,211,0,0
BRDA:1135,211,1,0
BRDA:1135,212,0,0
BRDA:1135,212,1,0
BRDA:1135,213,0,2
BRDA:1135,213,1,9
BRDA:1135,214,0,0
BRDA:1135,214,1,11
BRDA:1140,215,0,350
BRDA:1140,215,1,3184
BRDA:1144,216,0,3081
BRDA:1144,216,1,103
BRDA:1145,217,0,3084
BRDA:1145,217,1,100
BRDA:1145,218,0,0
BRDA:1145,218,1,100
BRDA:1145,219,0,100
BRDA:1145,219,1,0
BRDA:1146,220,0,0
BRDA:1146,220,1,3184
BRDA:1146,221,0,3184
BRDA:1146,221,1,2980
BRDA:1146,221,2,2798
BRDA:1151,222,0,3330
BRDA:1151,222,1,212
BRDA:1153,223,0,3330
BRDA:1153,223,1,3312
BRDA:1158,224,0,3330
BRDA:1158,224,1,0
BRDA:1169,225,0,3499
BRDA:1169,225,1,43
BRDA:1172,226,0,28
BRDA:1172,226,1,3514
BRDA:1172,227,0,3542
BRDA:1172,227,1,3541
BRDA:1172,227,2,3328
BRDA:1172,227,3,3228
BRDA:1178,228,0,3472
BRDA:1178,228,1,42
BRDA:1180,229,0,3514
BRDA:1180,229,1,3472
BRDA:1183,230,0,73
BRDA:1183,230,1,3469
BRDA:1190,231,0,1
BRDA:1190,231,1,1
BRDA:1192,232,0,1
BRDA:1192,232,1,0
BRDA:1194,233,0,1
BRDA:1194,233,1,0
BRDA:1200,234,0,1
BRDA:1200,234,1,0
BRDA:1202,235,0,1
BRDA:1202,235,1,0
BRDA:1229,236,0,969
BRDA:1229,236,1,99
BRDA:1234,237,0,99
BRDA:1234,237,1,0
BRDA:1237,238,0,2
BRDA:1237,238,1,97
BRDA:1237,239,0,99
BRDA:1237,239,1,99
BRDA:1237,239,2,2
BRDA:1245,240,0,98
BRDA:1245,240,1,99
BRDA:1245,240,2,62
BRDA:1245,240,3,0
BRDA:1254,241,0,56
BRDA:1254,241,1,6
BRDA:1255,242,0,0
BRDA:1255,242,1,62
BRDA:1255,243,0,62
BRDA:1255,243,1,62
BRDA:1258,244,0,0
BRDA:1258,244,1,62
BRDA:1258,245,0,62
BRDA:1258,245,1,1
BRDA:1274,246,0,77
BRDA:1274,246,1,136
BRDA:1274,247,0,213
BRDA:1274,247,1,77
BRDA:1278,248,0,136
BRDA:1278,248,1,1
BRDA:1287,249,0,203
BRDA:1287,249,1,205
BRDA:1287,249,2,48
BRDA:1288,250,0,253
BRDA:1288,250,1,205
BRDA:1297,251,0,8
BRDA:1297,251,1,205
BRDA:1307,252,0,70
BRDA:1307,252,1,0
BRDA:1307,252,2,0
BRDA:1322,253,0,99
BRDA:1322,253,1,339
BRDA:1322,254,0,438
BRDA:1322,254,1,340
BRDA:1325,255,0,339
BRDA:1325,255,1,339
BRDA:1339,256,0,437
BRDA:1339,256,1,132
BRDA:1339,256,2,0
BRDA:1345,257,0,1
BRDA:1345,257,1,0
BRDA:1347,258,0,1
BRDA:1347,258,1,0
BRDA:1352,259,0,1
BRDA:1352,259,1,0
BRF:558
BRH:443
end_of_record
