TN:
SF:./test/cov/jquery.visibilitytrigger.js
FN:14,(anonymous_1)
FN:19,(anonymous_2)
FN:32,(anonymous_3)
FN:52,(anonymous_4)
FN:54,(anonymous_5)
FN:62,(anonymous_6)
FN:64,(anonymous_7)
FN:65,(anonymous_8)
FN:66,Template
FN:97,(anonymous_10)
FN:105,(anonymous_11)
FN:120,(anonymous_12)
FN:122,(anonymous_13)
FN:123,(anonymous_14)
FN:124,Template
FN:149,(anonymous_16)
FN:151,(anonymous_17)
FN:152,(anonymous_18)
FN:153,Observer
FN:161,(anonymous_20)
FN:182,(anonymous_21)
FN:191,(anonymous_22)
FN:197,eachTrigger
FN:202,(anonymous_24)
FN:218,(anonymous_25)
FN:232,(anonymous_26)
FN:244,(anonymous_27)
FN:253,(anonymous_28)
FN:269,(anonymous_29)
FN:271,(anonymous_30)
FN:272,(anonymous_31)
FN:273,Task
FN:286,(anonymous_33)
FN:296,(anonymous_34)
FN:321,(anonymous_35)
FN:364,(anonymous_36)
FN:387,(anonymous_37)
FN:389,__
FN:394,(anonymous_39)
FN:396,(anonymous_40)
FN:397,(anonymous_41)
FN:406,Main
FN:424,(anonymous_43)
FN:428,(anonymous_44)
FN:432,(anonymous_45)
FN:477,(anonymous_46)
FN:486,(anonymous_47)
FN:489,(anonymous_48)
FN:505,(anonymous_49)
FN:516,(anonymous_50)
FN:542,(anonymous_51)
FN:547,(anonymous_52)
FN:551,(anonymous_53)
FN:570,(anonymous_54)
FN:571,(anonymous_55)
FN:580,(anonymous_56)
FN:581,(anonymous_57)
FN:590,(anonymous_58)
FN:591,(anonymous_59)
FN:606,(anonymous_60)
FN:612,(anonymous_61)
FN:614,(anonymous_62)
FN:618,(anonymous_63)
FN:619,Functions
FN:623,(anonymous_65)
FN:624,(anonymous_66)
FN:630,(anonymous_67)
FN:631,(anonymous_68)
FN:637,(anonymous_69)
FN:638,(anonymous_70)
FN:644,(anonymous_71)
FN:649,(anonymous_72)
FN:650,(anonymous_73)
FN:665,(anonymous_74)
FN:667,(anonymous_75)
FN:671,(anonymous_76)
FN:672,Methods
FN:687,(anonymous_78)
FN:689,(anonymous_79)
FN:690,(anonymous_80)
FN:691,Template
FN:741,(anonymous_82)
FN:774,(anonymous_83)
FN:776,(anonymous_84)
FN:789,(anonymous_85)
FN:793,(anonymous_86)
FN:801,(anonymous_87)
FN:812,(anonymous_88)
FN:823,(anonymous_89)
FN:847,(anonymous_90)
FN:849,(anonymous_91)
FN:850,(anonymous_92)
FN:852,Main
FN:857,(anonymous_94)
FN:888,(anonymous_95)
FN:895,(anonymous_96)
FN:897,(anonymous_97)
FN:898,(anonymous_98)
FN:899,App
FN:903,(anonymous_100)
FN:908,(anonymous_101)
FN:924,(anonymous_102)
FN:930,(anonymous_103)
FN:952,(anonymous_104)
FN:955,(anonymous_105)
FN:985,(anonymous_106)
FN:1139,(anonymous_107)
FN:1141,(anonymous_108)
FN:1142,(anonymous_109)
FN:1144,Main
FN:1153,(anonymous_111)
FN:1157,(anonymous_112)
FN:1173,(anonymous_113)
FN:1201,(anonymous_114)
FN:1208,(anonymous_115)
FN:1222,(anonymous_116)
FN:1228,(anonymous_117)
FN:1243,(anonymous_118)
FN:1264,(anonymous_119)
FN:1270,(anonymous_120)
FN:1271,Module
FNF:121
FNH:115
FNDA:1,(anonymous_1)
FNDA:1,(anonymous_2)
FNDA:1,(anonymous_3)
FNDA:268,(anonymous_4)
FNDA:8308,(anonymous_5)
FNDA:1,(anonymous_6)
FNDA:1,(anonymous_7)
FNDA:1,(anonymous_8)
FNDA:1,Template
FNDA:161,(anonymous_10)
FNDA:0,(anonymous_11)
FNDA:1,(anonymous_12)
FNDA:1,(anonymous_13)
FNDA:1,(anonymous_14)
FNDA:133,Template
FNDA:1,(anonymous_16)
FNDA:1,(anonymous_17)
FNDA:1,(anonymous_18)
FNDA:133,Observer
FNDA:150,(anonymous_20)
FNDA:75,(anonymous_21)
FNDA:434,(anonymous_22)
FNDA:28900,eachTrigger
FNDA:132,(anonymous_24)
FNDA:302,(anonymous_25)
FNDA:89,(anonymous_26)
FNDA:64,(anonymous_27)
FNDA:84,(anonymous_28)
FNDA:1,(anonymous_29)
FNDA:1,(anonymous_30)
FNDA:1,(anonymous_31)
FNDA:133,Task
FNDA:64,(anonymous_33)
FNDA:89,(anonymous_34)
FNDA:227,(anonymous_35)
FNDA:0,(anonymous_36)
FNDA:3,(anonymous_37)
FNDA:3,__
FNDA:1,(anonymous_39)
FNDA:1,(anonymous_40)
FNDA:1,(anonymous_41)
FNDA:133,Main
FNDA:1313,(anonymous_43)
FNDA:133,(anonymous_44)
FNDA:210,(anonymous_45)
FNDA:71,(anonymous_46)
FNDA:302,(anonymous_47)
FNDA:33,(anonymous_48)
FNDA:334,(anonymous_49)
FNDA:127,(anonymous_50)
FNDA:133,(anonymous_51)
FNDA:302,(anonymous_52)
FNDA:84,(anonymous_53)
FNDA:1,(anonymous_54)
FNDA:0,(anonymous_55)
FNDA:2,(anonymous_56)
FNDA:0,(anonymous_57)
FNDA:70,(anonymous_58)
FNDA:50,(anonymous_59)
FNDA:1,(anonymous_60)
FNDA:1,(anonymous_61)
FNDA:1,(anonymous_62)
FNDA:1,(anonymous_63)
FNDA:1,Functions
FNDA:1,(anonymous_65)
FNDA:1,(anonymous_66)
FNDA:2,(anonymous_67)
FNDA:2,(anonymous_68)
FNDA:5,(anonymous_69)
FNDA:4,(anonymous_70)
FNDA:2,(anonymous_71)
FNDA:205,(anonymous_72)
FNDA:41,(anonymous_73)
FNDA:1,(anonymous_74)
FNDA:1,(anonymous_75)
FNDA:1,(anonymous_76)
FNDA:1,Methods
FNDA:1,(anonymous_78)
FNDA:1,(anonymous_79)
FNDA:1,(anonymous_80)
FNDA:1,Template
FNDA:226,(anonymous_82)
FNDA:1,(anonymous_83)
FNDA:225,(anonymous_84)
FNDA:225,(anonymous_85)
FNDA:0,(anonymous_86)
FNDA:226,(anonymous_87)
FNDA:211,(anonymous_88)
FNDA:226,(anonymous_89)
FNDA:1,(anonymous_90)
FNDA:1,(anonymous_91)
FNDA:1,(anonymous_92)
FNDA:1,Main
FNDA:225,(anonymous_94)
FNDA:1,(anonymous_95)
FNDA:1,(anonymous_96)
FNDA:1,(anonymous_97)
FNDA:1,(anonymous_98)
FNDA:1,App
FNDA:62,(anonymous_100)
FNDA:139,(anonymous_101)
FNDA:0,(anonymous_102)
FNDA:62,(anonymous_103)
FNDA:71,(anonymous_104)
FNDA:62,(anonymous_105)
FNDA:3542,(anonymous_106)
FNDA:1,(anonymous_107)
FNDA:1,(anonymous_108)
FNDA:1,(anonymous_109)
FNDA:1,Main
FNDA:146,(anonymous_111)
FNDA:1068,(anonymous_112)
FNDA:161,(anonymous_113)
FNDA:213,(anonymous_114)
FNDA:255,(anonymous_115)
FNDA:223,(anonymous_116)
FNDA:70,(anonymous_117)
FNDA:490,(anonymous_118)
FNDA:1,(anonymous_119)
FNDA:1,(anonymous_120)
FNDA:1,Module
DA:14,1
DA:18,1
DA:19,1
DA:20,1
DA:21,1
DA:32,1
DA:33,1
DA:34,1
DA:35,1
DA:36,1
DA:37,1
DA:38,1
DA:39,1
DA:40,1
DA:41,1
DA:42,1
DA:44,1
DA:52,1
DA:54,268
DA:55,8308
DA:56,8308
DA:61,1
DA:62,1
DA:64,1
DA:65,1
DA:66,1
DA:73,1
DA:80,1
DA:87,1
DA:94,1
DA:95,1
DA:97,1
DA:98,161
DA:99,161
DA:100,64
DA:102,161
DA:105,1
DA:106,0
DA:107,0
DA:108,0
DA:110,0
DA:112,1
DA:114,1
DA:116,1
DA:119,1
DA:120,1
DA:122,1
DA:123,1
DA:124,1
DA:131,133
DA:138,133
DA:139,133
DA:141,1
DA:143,1
DA:145,1
DA:148,1
DA:149,1
DA:151,1
DA:152,1
DA:153,1
DA:154,133
DA:155,133
DA:156,133
DA:157,133
DA:158,133
DA:159,133
DA:160,133
DA:162,150
DA:163,150
DA:165,150
DA:167,150
DA:168,3
DA:171,147
DA:172,70
DA:173,70
DA:174,77
DA:175,77
DA:183,75
DA:184,0
DA:186,75
DA:187,75
DA:191,1
DA:192,434
DA:194,434
DA:196,434
DA:197,1
DA:198,28900
DA:202,1
DA:203,132
DA:205,132
DA:207,132
DA:209,132
DA:211,132
DA:212,62
DA:214,70
DA:218,1
DA:219,302
DA:221,302
DA:223,302
DA:225,302
DA:226,88
DA:228,214
DA:232,1
DA:233,89
DA:234,89
DA:236,89
DA:237,89
DA:238,19
DA:241,89
DA:243,89
DA:244,83
DA:245,64
DA:248,6
DA:249,6
DA:253,1
DA:254,84
DA:255,84
DA:256,64
DA:259,84
DA:261,1
DA:263,1
DA:265,1
DA:268,1
DA:269,1
DA:271,1
DA:272,1
DA:273,1
DA:274,133
DA:275,133
DA:276,133
DA:277,133
DA:281,133
DA:282,133
DA:283,133
DA:284,133
DA:286,1
DA:287,64
DA:288,64
DA:289,64
DA:293,64
DA:296,1
DA:297,89
DA:299,89
DA:301,89
DA:302,89
DA:305,0
DA:306,0
DA:309,0
DA:312,89
DA:313,89
DA:314,0
DA:316,89
DA:318,89
DA:321,1
DA:322,227
DA:324,157
DA:325,157
DA:326,157
DA:327,38
DA:329,119
DA:333,70
DA:334,70
DA:335,70
DA:336,70
DA:339,0
DA:342,189
DA:343,4
DA:344,0
DA:346,4
DA:350,189
DA:351,189
DA:352,189
DA:353,84
DA:356,189
DA:357,70
DA:358,70
DA:359,87
DA:364,1
DA:365,0
DA:367,0
DA:368,0
DA:371,0
DA:372,0
DA:373,0
DA:377,1
DA:379,1
DA:381,1
DA:387,1
DA:388,3
DA:389,3
DA:390,3
DA:391,3
DA:393,1
DA:394,1
DA:396,1
DA:397,1
DA:398,1
DA:406,1
DA:407,133
DA:408,133
DA:409,133
DA:410,133
DA:411,133
DA:412,133
DA:424,1
DA:425,1313
DA:428,1
DA:429,133
DA:431,133
DA:432,133
DA:433,210
DA:436,68
DA:438,142
DA:442,133
DA:444,0
DA:448,133
DA:450,0
DA:452,133
DA:454,133
DA:456,0
DA:460,133
DA:461,133
DA:462,133
DA:463,133
DA:464,133
DA:465,133
DA:466,133
DA:468,133
DA:469,1
DA:470,1
DA:473,132
DA:474,132
DA:477,132
DA:478,71
DA:479,71
DA:480,71
DA:483,132
DA:486,1
DA:487,302
DA:489,302
DA:490,33
DA:493,302
DA:495,302
DA:496,302
DA:498,302
DA:500,302
DA:502,302
DA:505,1
DA:506,334
DA:507,334
DA:508,5
DA:511,329
DA:512,329
DA:516,329
DA:517,127
DA:518,127
DA:521,71
DA:522,71
DA:523,71
DA:525,56
DA:529,329
DA:531,0
DA:532,0
DA:536,329
DA:537,329
DA:539,329
DA:542,1
DA:543,133
DA:544,133
DA:547,1
DA:548,302
DA:551,1
DA:552,84
DA:553,2
DA:556,82
DA:558,70
DA:560,12
DA:562,12
DA:565,70
DA:566,70
DA:567,70
DA:570,1
DA:571,1
DA:572,0
DA:574,1
DA:575,0
DA:577,1
DA:580,1
DA:581,2
DA:582,0
DA:584,2
DA:585,0
DA:587,2
DA:590,1
DA:591,70
DA:592,50
DA:593,0
DA:595,50
DA:598,1
DA:600,1
DA:602,1
DA:605,1
DA:606,1
DA:607,1
DA:611,1
DA:612,1
DA:614,1
DA:615,1
DA:616,1
DA:618,1
DA:619,1
DA:620,1
DA:621,1
DA:623,1
DA:624,1
DA:625,1
DA:627,1
DA:630,1
DA:631,2
DA:632,2
DA:634,2
DA:637,1
DA:638,5
DA:639,4
DA:641,5
DA:644,1
DA:645,2
DA:646,2
DA:649,1
DA:650,205
DA:651,41
DA:653,205
DA:655,1
DA:657,1
DA:659,1
DA:664,1
DA:665,1
DA:667,1
DA:668,1
DA:669,1
DA:671,1
DA:672,1
DA:673,1
DA:674,1
DA:676,1
DA:678,1
DA:680,1
DA:686,1
DA:687,1
DA:689,1
DA:690,1
DA:691,1
DA:692,1
DA:699,1
DA:706,1
DA:713,1
DA:720,1
DA:727,1
DA:728,1
DA:730,1
DA:734,1
DA:735,1
DA:736,1
DA:738,0
DA:741,1
DA:742,226
DA:743,211
DA:745,211
DA:749,211
DA:752,211
DA:754,15
DA:756,13
DA:760,15
DA:764,226
DA:765,226
DA:774,1
DA:775,1
DA:776,1
DA:777,225
DA:778,225
DA:779,128
DA:781,225
DA:782,225
DA:783,225
DA:784,225
DA:786,1
DA:789,1
DA:790,225
DA:793,1
DA:794,0
DA:795,0
DA:796,0
DA:798,0
DA:801,1
DA:802,226
DA:803,226
DA:804,1130
DA:805,0
DA:807,1130
DA:809,226
DA:812,1
DA:813,211
DA:814,211
DA:815,0
DA:816,0
DA:818,0
DA:820,211
DA:823,1
DA:824,226
DA:826,226
DA:827,226
DA:828,0
DA:829,0
DA:831,0
DA:832,0
DA:833,0
DA:836,226
DA:838,1
DA:840,1
DA:842,1
DA:846,1
DA:847,1
DA:849,1
DA:850,1
DA:851,1
DA:852,1
DA:853,1
DA:854,1
DA:855,1
DA:857,1
DA:858,225
DA:860,225
DA:861,225
DA:862,224
DA:865,225
DA:869,225
DA:871,0
DA:874,225
DA:875,64
DA:878,161
DA:880,1
DA:882,1
DA:884,1
DA:887,1
DA:888,1
DA:889,1
DA:894,1
DA:895,1
DA:897,1
DA:898,1
DA:899,1
DA:900,1
DA:901,1
DA:903,1
DA:904,62
DA:905,62
DA:907,62
DA:908,62
DA:909,139
DA:911,68
DA:913,0
DA:915,71
DA:917,0
DA:921,62
DA:922,62
DA:924,0
DA:925,0
DA:930,1
DA:931,62
DA:933,62
DA:935,62
DA:953,71
DA:956,62
DA:957,62
DA:958,62
DA:959,62
DA:960,62
DA:961,62
DA:962,62
DA:963,62
DA:978,62
DA:979,62
DA:980,62
DA:981,62
DA:982,62
DA:985,1
DA:986,3542
DA:988,3542
DA:989,0
DA:992,3542
DA:993,5
DA:994,5
DA:995,5
DA:996,5
DA:997,5
DA:999,3542
DA:1000,3542
DA:1002,3542
DA:1006,8
DA:1009,3534
DA:1011,3534
DA:1012,3534
DA:1013,3534
DA:1014,3534
DA:1016,3534
DA:1018,3534
DA:1019,3534
DA:1020,3534
DA:1021,3534
DA:1022,3534
DA:1024,3534
DA:1025,3534
DA:1026,400
DA:1027,400
DA:1028,400
DA:1030,3134
DA:1031,3134
DA:1032,3134
DA:1035,3534
DA:1036,3534
DA:1038,3534
DA:1039,3534
DA:1040,3534
DA:1042,3534
DA:1043,3534
DA:1045,3534
DA:1047,3534
DA:1050,350
DA:1051,350
DA:1054,2796
DA:1055,2796
DA:1058,181
DA:1059,181
DA:1062,182
DA:1065,182
DA:1066,24
DA:1068,182
DA:1071,25
DA:1074,25
DA:1075,11
DA:1077,25
DA:1080,3534
DA:1081,350
DA:1082,350
DA:1084,3184
DA:1085,3184
DA:1086,3184
DA:1088,3534
DA:1091,3542
DA:1092,3330
DA:1093,3330
DA:1095,3330
DA:1109,3542
DA:1110,3542
DA:1112,3542
DA:1113,28
DA:1115,3514
DA:1116,3514
DA:1118,3514
DA:1120,3514
DA:1123,3542
DA:1124,3542
DA:1125,3542
DA:1127,1
DA:1129,1
DA:1131,1
DA:1138,1
DA:1139,1
DA:1141,1
DA:1142,1
DA:1143,1
DA:1144,1
DA:1145,1
DA:1146,1
DA:1147,1
DA:1148,1
DA:1149,1
DA:1150,1
DA:1151,1
DA:1153,1
DA:1154,146
DA:1157,1
DA:1158,1068
DA:1159,969
DA:1163,99
DA:1164,99
DA:1166,99
DA:1167,2
DA:1168,2
DA:1170,99
DA:1173,1
DA:1174,161
DA:1176,98
DA:1178,99
DA:1179,99
DA:1180,99
DA:1183,62
DA:1184,62
DA:1185,0
DA:1187,62
DA:1188,0
DA:1190,62
DA:1193,0
DA:1196,62
DA:1198,62
DA:1201,1
DA:1202,213
DA:1203,213
DA:1204,77
DA:1205,77
DA:1207,213
DA:1208,213
DA:1209,255
DA:1210,255
DA:1214,203
DA:1216,52
DA:1219,213
DA:1220,8
DA:1222,205
DA:1223,223
DA:1228,1
DA:1229,70
DA:1231,70
DA:1233,0
DA:1235,0
DA:1238,70
DA:1239,70
DA:1240,70
DA:1243,1
DA:1244,490
DA:1247,99
DA:1251,329
DA:1253,62
DA:1256,1
DA:1258,1
DA:1260,1
DA:1263,1
DA:1264,1
DA:1265,1
DA:1270,1
DA:1271,1
DA:1272,1
DA:1274,1
DA:1277,1
LF:644
LH:592
BRDA:43,1,0,1
BRDA:43,1,1,1
BRDA:55,2,0,8040
BRDA:55,2,1,268
BRDA:59,3,0,1
BRDA:59,3,1,1
BRDA:115,4,0,1
BRDA:115,4,1,1
BRDA:117,5,0,1
BRDA:117,5,1,0
BRDA:144,6,0,1
BRDA:144,6,1,1
BRDA:146,7,0,1
BRDA:146,7,1,0
BRDA:162,8,0,111
BRDA:162,8,1,39
BRDA:163,9,0,0
BRDA:163,9,1,150
BRDA:163,10,0,39
BRDA:163,10,1,111
BRDA:163,11,0,79
BRDA:163,11,1,32
BRDA:163,12,0,92
BRDA:163,12,1,58
BRDA:163,13,0,150
BRDA:163,13,1,58
BRDA:165,14,0,150
BRDA:165,14,1,143
BRDA:167,15,0,3
BRDA:167,15,1,147
BRDA:167,16,0,150
BRDA:167,16,1,143
BRDA:171,17,0,70
BRDA:171,17,1,77
BRDA:171,18,0,147
BRDA:171,18,1,103
BRDA:172,19,0,70
BRDA:172,19,1,38
BRDA:173,20,0,70
BRDA:173,20,1,32
BRDA:174,21,0,77
BRDA:174,21,1,0
BRDA:183,22,0,0
BRDA:183,22,1,75
BRDA:183,23,0,75
BRDA:183,23,1,38
BRDA:183,23,2,75
BRDA:187,24,0,75
BRDA:187,24,1,73
BRDA:187,25,0,41
BRDA:187,25,1,32
BRDA:196,26,0,434
BRDA:196,26,1,296
BRDA:211,27,0,62
BRDA:211,27,1,70
BRDA:225,28,0,88
BRDA:225,28,1,214
BRDA:241,29,0,57
BRDA:241,29,1,32
BRDA:243,30,0,83
BRDA:243,30,1,6
BRDA:243,31,0,89
BRDA:243,31,1,76
BRDA:243,31,2,76
BRDA:243,31,3,73
BRDA:245,32,0,64
BRDA:245,32,1,64
BRDA:264,33,0,1
BRDA:264,33,1,0
BRDA:266,34,0,1
BRDA:266,34,1,0
BRDA:274,35,0,0
BRDA:274,35,1,133
BRDA:275,36,0,0
BRDA:275,36,1,133
BRDA:283,37,0,133
BRDA:283,37,1,0
BRDA:284,38,0,133
BRDA:284,38,1,0
BRDA:287,39,0,64
BRDA:287,39,1,0
BRDA:288,40,0,64
BRDA:288,40,1,0
BRDA:297,41,0,89
BRDA:297,41,1,0
BRDA:297,41,2,0
BRDA:299,42,0,89
BRDA:299,42,1,64
BRDA:313,43,0,0
BRDA:313,43,1,89
BRDA:322,44,0,157
BRDA:322,44,1,0
BRDA:322,44,2,70
BRDA:322,44,3,0
BRDA:324,45,0,157
BRDA:324,45,1,157
BRDA:326,46,0,38
BRDA:326,46,1,119
BRDA:333,47,0,70
BRDA:333,47,1,70
BRDA:342,48,0,4
BRDA:342,48,1,185
BRDA:343,49,0,0
BRDA:343,49,1,4
BRDA:352,50,0,273
BRDA:352,50,1,189
BRDA:353,51,0,84
BRDA:353,51,1,0
BRDA:353,52,0,84
BRDA:353,52,1,0
BRDA:356,53,0,70
BRDA:356,53,1,119
BRDA:365,54,0,0
BRDA:365,54,1,0
BRDA:380,55,0,1
BRDA:380,55,1,0
BRDA:382,56,0,1
BRDA:382,56,1,0
BRDA:387,57,0,1
BRDA:387,57,1,1
BRDA:388,58,0,0
BRDA:388,58,1,0
BRDA:433,59,0,68
BRDA:433,59,1,68
BRDA:433,59,2,142
BRDA:436,60,0,62
BRDA:436,60,1,6
BRDA:437,61,0,142
BRDA:437,61,1,142
BRDA:442,62,0,0
BRDA:442,62,1,62
BRDA:442,62,2,133
BRDA:442,62,3,0
BRDA:443,63,0,133
BRDA:443,63,1,71
BRDA:452,64,0,62
BRDA:452,64,1,71
BRDA:454,65,0,0
BRDA:455,66,0,133
BRDA:455,66,1,71
BRDA:461,67,0,133
BRDA:461,67,1,62
BRDA:468,68,0,1
BRDA:468,68,1,132
BRDA:468,69,0,133
BRDA:468,69,1,131
BRDA:468,69,2,76
BRDA:477,70,0,132
BRDA:477,70,1,62
BRDA:500,71,0,302
BRDA:500,71,1,71
BRDA:507,72,0,5
BRDA:507,72,1,329
BRDA:518,73,0,0
BRDA:518,73,1,71
BRDA:518,73,2,56
BRDA:522,74,0,71
BRDA:522,74,1,71
BRDA:529,75,0,0
BRDA:536,76,0,329
BRDA:536,76,1,273
BRDA:536,76,2,273
BRDA:537,77,0,329
BRDA:537,77,1,128
BRDA:552,78,0,2
BRDA:552,78,1,82
BRDA:556,79,0,70
BRDA:556,79,1,12
BRDA:556,79,2,12
BRDA:574,80,0,0
BRDA:574,80,1,1
BRDA:574,81,0,1
BRDA:574,81,1,1
BRDA:584,82,0,0
BRDA:584,82,1,2
BRDA:584,83,0,2
BRDA:584,83,1,0
BRDA:592,84,0,0
BRDA:592,84,1,50
BRDA:592,85,0,50
BRDA:592,85,1,0
BRDA:601,86,0,1
BRDA:601,86,1,0
BRDA:603,87,0,1
BRDA:603,87,1,0
BRDA:608,88,0,1
BRDA:608,88,1,0
BRDA:645,89,0,0
BRDA:645,89,1,2
BRDA:658,90,0,1
BRDA:658,90,1,1
BRDA:660,91,0,1
BRDA:660,91,1,0
BRDA:679,92,0,1
BRDA:679,92,1,0
BRDA:681,93,0,1
BRDA:681,93,1,0
BRDA:734,94,0,1
BRDA:734,94,1,1
BRDA:735,95,0,1
BRDA:735,95,1,0
BRDA:742,96,0,211
BRDA:742,96,1,15
BRDA:743,97,0,211
BRDA:743,97,1,0
BRDA:754,98,0,13
BRDA:754,98,1,2
BRDA:776,99,0,1
BRDA:776,99,1,1
BRDA:784,100,0,161
BRDA:784,100,1,64
BRDA:804,101,0,0
BRDA:804,101,1,1130
BRDA:815,102,0,0
BRDA:815,102,1,0
BRDA:828,103,0,0
BRDA:828,103,1,0
BRDA:832,104,0,0
BRDA:832,104,1,0
BRDA:841,105,0,1
BRDA:841,105,1,0
BRDA:843,106,0,1
BRDA:843,106,1,0
BRDA:861,107,0,224
BRDA:861,107,1,1
BRDA:865,108,0,98
BRDA:865,108,1,99
BRDA:865,108,2,225
BRDA:865,108,3,0
BRDA:874,109,0,64
BRDA:874,109,1,161
BRDA:874,110,0,225
BRDA:874,110,1,225
BRDA:875,111,0,64
BRDA:875,111,1,0
BRDA:883,112,0,1
BRDA:883,112,1,0
BRDA:885,113,0,1
BRDA:885,113,1,0
BRDA:890,114,0,1
BRDA:890,114,1,0
BRDA:907,115,0,62
BRDA:907,115,1,0
BRDA:909,116,0,68
BRDA:909,116,1,0
BRDA:909,116,2,71
BRDA:909,116,3,0
BRDA:913,117,0,0
BRDA:913,117,1,0
BRDA:914,118,0,71
BRDA:914,118,1,71
BRDA:921,119,0,62
BRDA:921,119,1,0
BRDA:921,120,0,62
BRDA:921,120,1,0
BRDA:921,120,2,0
BRDA:933,121,0,62
BRDA:933,121,1,62
BRDA:956,122,0,0
BRDA:956,122,1,62
BRDA:956,123,0,62
BRDA:956,123,1,4
BRDA:957,124,0,62
BRDA:957,124,1,4
BRDA:957,124,2,58
BRDA:958,125,0,62
BRDA:958,125,1,4
BRDA:958,125,2,58
BRDA:959,126,0,0
BRDA:959,126,1,62
BRDA:960,127,0,59
BRDA:960,127,1,3
BRDA:961,128,0,59
BRDA:961,128,1,3
BRDA:966,129,0,62
BRDA:966,129,1,58
BRDA:986,130,0,3351
BRDA:986,130,1,191
BRDA:986,131,0,3542
BRDA:986,131,1,3451
BRDA:986,132,0,3451
BRDA:986,132,1,91
BRDA:986,133,0,91
BRDA:986,133,1,91
BRDA:986,134,0,3451
BRDA:986,134,1,91
BRDA:986,135,0,38
BRDA:986,135,1,53
BRDA:986,136,0,91
BRDA:986,136,1,53
BRDA:986,137,0,3451
BRDA:986,137,1,91
BRDA:986,138,0,3451
BRDA:986,138,1,91
BRDA:986,139,0,3451
BRDA:986,139,1,91
BRDA:986,140,0,29
BRDA:986,140,1,62
BRDA:986,141,0,5
BRDA:986,141,1,57
BRDA:986,142,0,3451
BRDA:986,142,1,91
BRDA:988,143,0,0
BRDA:988,143,1,3542
BRDA:988,144,0,3542
BRDA:988,144,1,12
BRDA:988,144,2,12
BRDA:992,145,0,5
BRDA:992,145,1,3537
BRDA:996,146,0,0
BRDA:996,146,1,5
BRDA:996,147,0,0
BRDA:996,147,1,5
BRDA:999,148,0,326
BRDA:999,148,1,3216
BRDA:1002,149,0,8
BRDA:1002,149,1,8
BRDA:1002,149,2,8
BRDA:1002,149,3,3534
BRDA:1003,150,0,3542
BRDA:1003,150,1,3538
BRDA:1004,151,0,3534
BRDA:1004,151,1,3534
BRDA:1011,152,0,3445
BRDA:1011,152,1,89
BRDA:1012,153,0,3445
BRDA:1012,153,1,89
BRDA:1013,154,0,3445
BRDA:1013,154,1,89
BRDA:1019,155,0,3445
BRDA:1019,155,1,89
BRDA:1019,156,0,84
BRDA:1019,156,1,5
BRDA:1021,157,0,3445
BRDA:1021,157,1,89
BRDA:1021,158,0,84
BRDA:1021,158,1,5
BRDA:1022,159,0,3445
BRDA:1022,159,1,89
BRDA:1022,160,0,1
BRDA:1022,160,1,88
BRDA:1025,161,0,400
BRDA:1025,161,1,3134
BRDA:1026,162,0,396
BRDA:1026,162,1,4
BRDA:1027,163,0,396
BRDA:1027,163,1,4
BRDA:1030,164,0,3049
BRDA:1030,164,1,85
BRDA:1031,165,0,3049
BRDA:1031,165,1,85
BRDA:1035,166,0,3445
BRDA:1035,166,1,89
BRDA:1036,167,0,3445
BRDA:1036,167,1,89
BRDA:1047,168,0,350
BRDA:1047,168,1,2796
BRDA:1047,168,2,181
BRDA:1047,168,3,182
BRDA:1047,168,4,25
BRDA:1048,169,0,3534
BRDA:1048,169,1,3419
BRDA:1048,169,2,350
BRDA:1048,169,3,350
BRDA:1052,170,0,3184
BRDA:1052,170,1,2978
BRDA:1054,171,0,2784
BRDA:1054,171,1,12
BRDA:1054,172,0,12
BRDA:1054,172,1,12
BRDA:1054,173,0,3
BRDA:1054,173,1,9
BRDA:1054,174,0,0
BRDA:1054,174,1,12
BRDA:1056,175,0,388
BRDA:1056,175,1,206
BRDA:1058,176,0,181
BRDA:1058,176,1,136
BRDA:1060,177,0,207
BRDA:1060,177,1,182
BRDA:1062,178,0,158
BRDA:1062,178,1,24
BRDA:1065,179,0,24
BRDA:1065,179,1,158
BRDA:1065,180,0,182
BRDA:1065,180,1,177
BRDA:1065,180,2,24
BRDA:1065,180,3,24
BRDA:1066,181,0,0
BRDA:1066,181,1,24
BRDA:1066,182,0,0
BRDA:1066,182,1,0
BRDA:1066,183,0,0
BRDA:1066,183,1,0
BRDA:1066,184,0,6
BRDA:1066,184,1,18
BRDA:1066,185,0,0
BRDA:1066,185,1,24
BRDA:1069,186,0,25
BRDA:1069,186,1,25
BRDA:1071,187,0,25
BRDA:1071,187,1,22
BRDA:1074,188,0,11
BRDA:1074,188,1,14
BRDA:1074,189,0,25
BRDA:1074,189,1,13
BRDA:1074,189,2,11
BRDA:1074,189,3,11
BRDA:1075,190,0,0
BRDA:1075,190,1,11
BRDA:1075,191,0,0
BRDA:1075,191,1,0
BRDA:1075,192,0,0
BRDA:1075,192,1,0
BRDA:1075,193,0,2
BRDA:1075,193,1,9
BRDA:1075,194,0,0
BRDA:1075,194,1,11
BRDA:1080,195,0,350
BRDA:1080,195,1,3184
BRDA:1084,196,0,3081
BRDA:1084,196,1,103
BRDA:1085,197,0,3084
BRDA:1085,197,1,100
BRDA:1085,198,0,0
BRDA:1085,198,1,100
BRDA:1085,199,0,100
BRDA:1085,199,1,0
BRDA:1086,200,0,0
BRDA:1086,200,1,3184
BRDA:1086,201,0,3184
BRDA:1086,201,1,2980
BRDA:1086,201,2,2798
BRDA:1091,202,0,3330
BRDA:1091,202,1,212
BRDA:1093,203,0,3330
BRDA:1093,203,1,3312
BRDA:1098,204,0,3330
BRDA:1098,204,1,0
BRDA:1109,205,0,3499
BRDA:1109,205,1,43
BRDA:1112,206,0,28
BRDA:1112,206,1,3514
BRDA:1112,207,0,3542
BRDA:1112,207,1,3541
BRDA:1112,207,2,3328
BRDA:1112,207,3,3228
BRDA:1118,208,0,3472
BRDA:1118,208,1,42
BRDA:1120,209,0,3514
BRDA:1120,209,1,3472
BRDA:1123,210,0,73
BRDA:1123,210,1,3469
BRDA:1130,211,0,1
BRDA:1130,211,1,0
BRDA:1132,212,0,1
BRDA:1132,212,1,0
BRDA:1158,213,0,969
BRDA:1158,213,1,99
BRDA:1163,214,0,99
BRDA:1163,214,1,0
BRDA:1166,215,0,2
BRDA:1166,215,1,97
BRDA:1166,216,0,99
BRDA:1166,216,1,99
BRDA:1166,216,2,2
BRDA:1174,217,0,98
BRDA:1174,217,1,99
BRDA:1174,217,2,62
BRDA:1174,217,3,0
BRDA:1183,218,0,56
BRDA:1183,218,1,6
BRDA:1184,219,0,0
BRDA:1184,219,1,62
BRDA:1184,220,0,62
BRDA:1184,220,1,62
BRDA:1187,221,0,0
BRDA:1187,221,1,62
BRDA:1187,222,0,62
BRDA:1187,222,1,1
BRDA:1203,223,0,77
BRDA:1203,223,1,136
BRDA:1207,224,0,213
BRDA:1207,224,1,135
BRDA:1207,224,2,78
BRDA:1210,225,0,203
BRDA:1210,225,1,203
BRDA:1210,225,2,203
BRDA:1210,225,3,52
BRDA:1211,226,0,255
BRDA:1211,226,1,206
BRDA:1213,227,0,52
BRDA:1213,227,1,52
BRDA:1213,227,2,13
BRDA:1216,228,0,52
BRDA:1216,228,1,48
BRDA:1219,229,0,8
BRDA:1219,229,1,205
BRDA:1229,230,0,70
BRDA:1229,230,1,0
BRDA:1229,230,2,0
BRDA:1244,231,0,99
BRDA:1244,231,1,99
BRDA:1244,231,2,0
BRDA:1244,231,3,103
BRDA:1244,231,4,329
BRDA:1244,231,5,62
BRDA:1259,232,0,1
BRDA:1259,232,1,0
BRDA:1261,233,0,1
BRDA:1261,233,1,0
BRDA:1266,234,0,1
BRDA:1266,234,1,0
BRF:513
BRH:411
end_of_record
